<?xml version="1.0" encoding="UTF-8"?>
<!-- Generated by org.testng.reporters.JUnitXMLReporter -->
<testsuite ignored="0" hostname="DESKTOP-DBKJRU1" failures="0" tests="3" name="Default test" time="13.085" errors="0" timestamp="2021-04-11T12:32:38 IST">
  <testcase classname="testClass.CICEPagesValidUser" name="initializeValidUser" time="2.824"/>
  <testcase classname="testClass.CICEPagesValidUser" name="ValidUser" time="10.093"/>
  <testcase classname="testClass.CICEPagesValidUser" name="tearDownValidUser" time="0.102"/>
</testsuite> <!-- Default test -->
